<?xml version="1.0" encoding="UTF-8"?>
<testsuite name="yaremez.BraveKnightTest" tests="1" skipped="0" failures="0" errors="0" timestamp="2018-09-18T11:10:43" hostname="EPUAKYIW2045" time="0.299">
  <properties/>
  <testcase name="knightShouldEmbarkOnQuest()" classname="yaremez.BraveKnightTest" time="0.299"/>
  <system-out><![CDATA[]]></system-out>
  <system-err><![CDATA[]]></system-err>
</testsuite>
